{"/Users/macuser/Development/places/places.js": {"path":"/Users/macuser/Development/places/places.js","statementMap":{"0":{"start":{"line":1,"column":12},"end":{"line":1,"column":33}},"1":{"start":{"line":3,"column":0},"end":{"line":25,"column":2}},"2":{"start":{"line":4,"column":24},"end":{"line":4,"column":45}},"3":{"start":{"line":5,"column":26},"end":{"line":5,"column":49}},"4":{"start":{"line":6,"column":26},"end":{"line":6,"column":49}},"5":{"start":{"line":8,"column":16},"end":{"line":8,"column":138}},"6":{"start":{"line":10,"column":21},"end":{"line":10,"column":37}},"7":{"start":{"line":11,"column":19},"end":{"line":11,"column":40}},"8":{"start":{"line":12,"column":4},"end":{"line":12,"column":40}},"9":{"start":{"line":14,"column":4},"end":{"line":23,"column":6}},"10":{"start":{"line":27,"column":0},"end":{"line":27,"column":53}},"11":{"start":{"line":27,"column":35},"end":{"line":27,"column":49}}},"fnMap":{"0":{"name":"(anonymous_0)","decl":{"start":{"line":3,"column":18},"end":{"line":3,"column":19}},"loc":{"start":{"line":3,"column":44},"end":{"line":25,"column":1}},"line":3},"1":{"name":"(anonymous_1)","decl":{"start":{"line":27,"column":28},"end":{"line":27,"column":29}},"loc":{"start":{"line":27,"column":33},"end":{"line":27,"column":51}},"line":27}},"branchMap":{},"s":{"0":1,"1":1,"2":2,"3":2,"4":2,"5":2,"6":2,"7":2,"8":1,"9":1,"10":1,"11":0},"f":{"0":2,"1":0},"b":{},"_coverageSchema":"43e27e138ebf9cfc5966b082cf9a028302ed4184","hash":"26a1f54ce8cc4b48a2b402a5a279b75c3145304d"}
}
